# JRE version: OpenJDK Runtime Environment (21.0.4) (build 21.0.4+-12508038-b607.1)
# Java VM: OpenJDK 64-Bit Server VM (21.0.4+-12508038-b607.1, mixed mode, tiered, compressed oops, compressed class ptrs, g1 gc, windows-amd64)
GC Precious Log:
 CardTable entry size: 512
 Card Set container configuration: InlinePtr #cards 5 size 8 Array Of Cards #cards 12 size 40 Howl #buckets 4 coarsen threshold 1843 Howl Bitmap #cards 512 size 80 coarsen threshold 460 Card regions per heap region 1 cards per card region 2048
 CPUs: 12 total, 12 available
 Memory: 5996M
 Large Page Support: Disabled
 NUMA Support: Disabled
 Compressed Oops: Enabled (32-bit)
 Heap Region Size: 1M
 Heap Min Capacity: 8M
 Heap Initial Capacity: 94M
 Heap Max Capacity: 2G
 Pre-touch: Disabled
 Parallel Workers: 10
 Concurrent Workers: 3
 Concurrent Refinement Workers: 10
 Periodic GC: Disabled
Heap:
 garbage-first heap   total 424960K, used 333143K [0x0000000080000000, 0x0000000100000000)
  region size 1024K, 52 young (53248K), 10 survivors (10240K)
 Metaspace       used 216971K, committed 219904K, reserved 1245184K
  class space    used 27322K, committed 28800K, reserved 1048576K
GC Heap History (20 events):
Event: 36.222 GC heap before
{Heap before GC invocations=64 (full 0):
 garbage-first heap   total 360448K, used 314996K [0x0000000080000000, 0x0000000100000000)
  region size 1024K, 105 young (107520K), 8 survivors (8192K)
 Metaspace       used 189359K, committed 192000K, reserved 1245184K
  class space    used 24245K, committed 25536K, reserved 1048576K
}
Event: 36.227 GC heap after
{Heap after GC invocations=65 (full 0):
 garbage-first heap   total 360448K, used 215539K [0x0000000080000000, 0x0000000100000000)
  region size 1024K, 8 young (8192K), 8 survivors (8192K)
 Metaspace       used 189359K, committed 192000K, reserved 1245184K
  class space    used 24245K, committed 25536K, reserved 1048576K
}
Event: 37.402 GC heap before
{Heap before GC invocations=65 (full 0):
 garbage-first heap   total 360448K, used 336371K [0x0000000080000000, 0x0000000100000000)
  region size 1024K, 122 young (124928K), 8 survivors (8192K)
 Metaspace       used 198474K, committed 201216K, reserved 1245184K
  class space    used 25295K, committed 26688K, reserved 1048576K
}
Event: 37.419 GC heap after
{Heap after GC invocations=66 (full 0):
 garbage-first heap   total 360448K, used 210701K [0x0000000080000000, 0x0000000100000000)
  region size 1024K, 8 young (8192K), 8 survivors (8192K)
 Metaspace       used 198474K, committed 201216K, reserved 1245184K
  class space    used 25295K, committed 26688K, reserved 1048576K
}
Event: 40.054 GC heap before
{Heap before GC invocations=66 (full 0):
 garbage-first heap   total 360448K, used 332557K [0x0000000080000000, 0x0000000100000000)
  region size 1024K, 127 young (130048K), 8 survivors (8192K)
 Metaspace       used 200602K, committed 203264K, reserved 1245184K
  class space    used 25487K, committed 26816K, reserved 1048576K
}
Event: 40.071 GC heap after
{Heap after GC invocations=67 (full 0):
 garbage-first heap   total 360448K, used 217350K [0x0000000080000000, 0x0000000100000000)
  region size 1024K, 15 young (15360K), 15 survivors (15360K)
 Metaspace       used 200602K, committed 203264K, reserved 1245184K
  class space    used 25487K, committed 26816K, reserved 1048576K
}
Event: 47.368 GC heap before
{Heap before GC invocations=68 (full 0):
 garbage-first heap   total 363520K, used 323846K [0x0000000080000000, 0x0000000100000000)
  region size 1024K, 120 young (122880K), 15 survivors (15360K)
 Metaspace       used 205138K, committed 207936K, reserved 1245184K
  class space    used 26034K, committed 27456K, reserved 1048576K
}
Event: 47.393 GC heap after
{Heap after GC invocations=69 (full 0):
 garbage-first heap   total 363520K, used 224116K [0x0000000080000000, 0x0000000100000000)
  region size 1024K, 14 young (14336K), 14 survivors (14336K)
 Metaspace       used 205138K, committed 207936K, reserved 1245184K
  class space    used 26034K, committed 27456K, reserved 1048576K
}
Event: 373.268 GC heap before
{Heap before GC invocations=69 (full 0):
 garbage-first heap   total 363520K, used 328564K [0x0000000080000000, 0x0000000100000000)
  region size 1024K, 117 young (119808K), 14 survivors (14336K)
 Metaspace       used 207716K, committed 210560K, reserved 1245184K
  class space    used 26347K, committed 27776K, reserved 1048576K
}
Event: 373.460 GC heap after
{Heap after GC invocations=70 (full 0):
 garbage-first heap   total 363520K, used 227328K [0x0000000080000000, 0x0000000100000000)
  region size 1024K, 15 young (15360K), 15 survivors (15360K)
 Metaspace       used 207716K, committed 210560K, reserved 1245184K
  class space    used 26347K, committed 27776K, reserved 1048576K
}
Event: 376.769 GC heap before
{Heap before GC invocations=70 (full 0):
 garbage-first heap   total 363520K, used 327680K [0x0000000080000000, 0x0000000100000000)
  region size 1024K, 114 young (116736K), 15 survivors (15360K)
 Metaspace       used 210841K, committed 213760K, reserved 1245184K
  class space    used 26786K, committed 28288K, reserved 1048576K
}
Event: 376.804 GC heap after
{Heap after GC invocations=71 (full 0):
 garbage-first heap   total 363520K, used 236544K [0x0000000080000000, 0x0000000100000000)
  region size 1024K, 15 young (15360K), 15 survivors (15360K)
 Metaspace       used 210841K, committed 213760K, reserved 1245184K
  class space    used 26786K, committed 28288K, reserved 1048576K
}
Event: 378.596 GC heap before
{Heap before GC invocations=72 (full 0):
 garbage-first heap   total 409600K, used 343040K [0x0000000080000000, 0x0000000100000000)
  region size 1024K, 104 young (106496K), 15 survivors (15360K)
 Metaspace       used 211479K, committed 214464K, reserved 1245184K
  class space    used 26831K, committed 28352K, reserved 1048576K
}
Event: 378.652 GC heap after
{Heap after GC invocations=73 (full 0):
 garbage-first heap   total 409600K, used 269269K [0x0000000080000000, 0x0000000100000000)
  region size 1024K, 13 young (13312K), 13 survivors (13312K)
 Metaspace       used 211479K, committed 214464K, reserved 1245184K
  class space    used 26831K, committed 28352K, reserved 1048576K
}
Event: 379.935 GC heap before
{Heap before GC invocations=73 (full 0):
 garbage-first heap   total 409600K, used 388053K [0x0000000080000000, 0x0000000100000000)
  region size 1024K, 105 young (107520K), 13 survivors (13312K)
 Metaspace       used 213833K, committed 216768K, reserved 1245184K
  class space    used 26986K, committed 28480K, reserved 1048576K
}
Event: 379.987 GC heap after
{Heap after GC invocations=74 (full 0):
 garbage-first heap   total 424960K, used 282641K [0x0000000080000000, 0x0000000100000000)
  region size 1024K, 13 young (13312K), 13 survivors (13312K)
 Metaspace       used 213833K, committed 216768K, reserved 1245184K
  class space    used 26986K, committed 28480K, reserved 1048576K
}
Event: 380.184 GC heap before
{Heap before GC invocations=74 (full 0):
 garbage-first heap   total 424960K, used 303121K [0x0000000080000000, 0x0000000100000000)
  region size 1024K, 35 young (35840K), 13 survivors (13312K)
 Metaspace       used 214406K, committed 217344K, reserved 1245184K
  class space    used 27075K, committed 28544K, reserved 1048576K
}
Event: 380.214 GC heap after
{Heap after GC invocations=75 (full 0):
 garbage-first heap   total 424960K, used 285519K [0x0000000080000000, 0x0000000100000000)
  region size 1024K, 4 young (4096K), 4 survivors (4096K)
 Metaspace       used 214406K, committed 217344K, reserved 1245184K
  class space    used 27075K, committed 28544K, reserved 1048576K
}
Event: 380.559 GC heap before
{Heap before GC invocations=75 (full 0):
 garbage-first heap   total 424960K, used 383823K [0x0000000080000000, 0x0000000100000000)
  region size 1024K, 99 young (101376K), 4 survivors (4096K)
 Metaspace       used 216221K, committed 219136K, reserved 1245184K
  class space    used 27244K, committed 28736K, reserved 1048576K
}
Event: 380.568 GC heap after
{Heap after GC invocations=76 (full 0):
 garbage-first heap   total 424960K, used 292183K [0x0000000080000000, 0x0000000100000000)
  region size 1024K, 10 young (10240K), 10 survivors (10240K)
 Metaspace       used 216221K, committed 219136K, reserved 1245184K
  class space    used 27244K, committed 28736K, reserved 1048576K
}

