# JRE version: OpenJDK Runtime Environment (21.0.4) (build 21.0.4+-12508038-b607.1)
# Java VM: OpenJDK 64-Bit Server VM (21.0.4+-12508038-b607.1, mixed mode, tiered, compressed oops, compressed class ptrs, g1 gc, windows-amd64)
GC Precious Log:
 CardTable entry size: 512
 Card Set container configuration: InlinePtr #cards 5 size 8 Array Of Cards #cards 12 size 40 Howl #buckets 4 coarsen threshold 1843 Howl Bitmap #cards 512 size 80 coarsen threshold 460 Card regions per heap region 1 cards per card region 2048
 CPUs: 12 total, 12 available
 Memory: 5996M
 Large Page Support: Disabled
 NUMA Support: Disabled
 Compressed Oops: Enabled (32-bit)
 Heap Region Size: 1M
 Heap Min Capacity: 8M
 Heap Initial Capacity: 94M
 Heap Max Capacity: 2G
 Pre-touch: Disabled
 Parallel Workers: 10
 Concurrent Workers: 3
 Concurrent Refinement Workers: 10
 Periodic GC: Disabled
Heap:
 garbage-first heap   total 382976K, used 184633K [0x0000000080000000, 0x0000000100000000)
  region size 1024K, 4 young (4096K), 4 survivors (4096K)
 Metaspace       used 124329K, committed 126528K, reserved 1179648K
  class space    used 17510K, committed 18560K, reserved 1048576K
GC Heap History (20 events):
Event: 11.899 GC heap after
{Heap after GC invocations=37 (full 0):
 garbage-first heap   total 187392K, used 105753K [0x0000000080000000, 0x0000000100000000)
  region size 1024K, 10 young (10240K), 10 survivors (10240K)
 Metaspace       used 105355K, committed 107456K, reserved 1179648K
  class space    used 14445K, committed 15488K, reserved 1048576K
}
Event: 12.259 GC heap before
{Heap before GC invocations=37 (full 0):
 garbage-first heap   total 187392K, used 165145K [0x0000000080000000, 0x0000000100000000)
  region size 1024K, 69 young (70656K), 10 survivors (10240K)
 Metaspace       used 109866K, committed 112000K, reserved 1179648K
  class space    used 15151K, committed 16192K, reserved 1048576K
}
Event: 12.276 GC heap after
{Heap after GC invocations=38 (full 0):
 garbage-first heap   total 187392K, used 113637K [0x0000000080000000, 0x0000000100000000)
  region size 1024K, 8 young (8192K), 8 survivors (8192K)
 Metaspace       used 109866K, committed 112000K, reserved 1179648K
  class space    used 15151K, committed 16192K, reserved 1048576K
}
Event: 12.459 GC heap before
{Heap before GC invocations=39 (full 0):
 garbage-first heap   total 191488K, used 166885K [0x0000000080000000, 0x0000000100000000)
  region size 1024K, 61 young (62464K), 8 survivors (8192K)
 Metaspace       used 110736K, committed 112832K, reserved 1179648K
  class space    used 15274K, committed 16320K, reserved 1048576K
}
Event: 12.475 GC heap after
{Heap after GC invocations=40 (full 0):
 garbage-first heap   total 191488K, used 124896K [0x0000000080000000, 0x0000000100000000)
  region size 1024K, 8 young (8192K), 8 survivors (8192K)
 Metaspace       used 110736K, committed 112832K, reserved 1179648K
  class space    used 15274K, committed 16320K, reserved 1048576K
}
Event: 12.638 GC heap before
{Heap before GC invocations=40 (full 0):
 garbage-first heap   total 191488K, used 172000K [0x0000000080000000, 0x0000000100000000)
  region size 1024K, 54 young (55296K), 8 survivors (8192K)
 Metaspace       used 112863K, committed 115008K, reserved 1179648K
  class space    used 15681K, committed 16768K, reserved 1048576K
}
Event: 12.656 GC heap after
{Heap after GC invocations=41 (full 0):
 garbage-first heap   total 191488K, used 131985K [0x0000000080000000, 0x0000000100000000)
  region size 1024K, 7 young (7168K), 7 survivors (7168K)
 Metaspace       used 112863K, committed 115008K, reserved 1179648K
  class space    used 15681K, committed 16768K, reserved 1048576K
}
Event: 12.705 GC heap before
{Heap before GC invocations=41 (full 0):
 garbage-first heap   total 191488K, used 171921K [0x0000000080000000, 0x0000000100000000)
  region size 1024K, 47 young (48128K), 7 survivors (7168K)
 Metaspace       used 113381K, committed 115520K, reserved 1179648K
  class space    used 15727K, committed 16768K, reserved 1048576K
}
Event: 12.718 GC heap after
{Heap after GC invocations=42 (full 0):
 garbage-first heap   total 382976K, used 139264K [0x0000000080000000, 0x0000000100000000)
  region size 1024K, 6 young (6144K), 6 survivors (6144K)
 Metaspace       used 113381K, committed 115520K, reserved 1179648K
  class space    used 15727K, committed 16768K, reserved 1048576K
}
Event: 13.161 GC heap before
{Heap before GC invocations=43 (full 0):
 garbage-first heap   total 382976K, used 312320K [0x0000000080000000, 0x0000000100000000)
  region size 1024K, 176 young (180224K), 6 survivors (6144K)
 Metaspace       used 117562K, committed 119680K, reserved 1179648K
  class space    used 16537K, committed 17600K, reserved 1048576K
}
Event: 13.235 GC heap after
{Heap after GC invocations=44 (full 0):
 garbage-first heap   total 382976K, used 170642K [0x0000000080000000, 0x0000000100000000)
  region size 1024K, 22 young (22528K), 22 survivors (22528K)
 Metaspace       used 117562K, committed 119680K, reserved 1179648K
  class space    used 16537K, committed 17600K, reserved 1048576K
}
Event: 13.610 GC heap before
{Heap before GC invocations=44 (full 0):
 garbage-first heap   total 382976K, used 305810K [0x0000000080000000, 0x0000000100000000)
  region size 1024K, 155 young (158720K), 22 survivors (22528K)
 Metaspace       used 121970K, committed 124160K, reserved 1179648K
  class space    used 17333K, committed 18368K, reserved 1048576K
}
Event: 13.663 GC heap after
{Heap after GC invocations=45 (full 0):
 garbage-first heap   total 382976K, used 184023K [0x0000000080000000, 0x0000000100000000)
  region size 1024K, 13 young (13312K), 13 survivors (13312K)
 Metaspace       used 121970K, committed 124160K, reserved 1179648K
  class space    used 17333K, committed 18368K, reserved 1048576K
}
Event: 13.935 GC heap before
{Heap before GC invocations=45 (full 0):
 garbage-first heap   total 382976K, used 318167K [0x0000000080000000, 0x0000000100000000)
  region size 1024K, 144 young (147456K), 13 survivors (13312K)
 Metaspace       used 123175K, committed 125376K, reserved 1179648K
  class space    used 17456K, committed 18560K, reserved 1048576K
}
Event: 13.958 GC heap after
{Heap after GC invocations=46 (full 0):
 garbage-first heap   total 382976K, used 186137K [0x0000000080000000, 0x0000000100000000)
  region size 1024K, 3 young (3072K), 3 survivors (3072K)
 Metaspace       used 123175K, committed 125376K, reserved 1179648K
  class space    used 17456K, committed 18560K, reserved 1048576K
}
Event: 14.621 GC heap before
{Heap before GC invocations=46 (full 0):
 garbage-first heap   total 382976K, used 332569K [0x0000000080000000, 0x0000000100000000)
  region size 1024K, 146 young (149504K), 3 survivors (3072K)
 Metaspace       used 123555K, committed 125760K, reserved 1179648K
  class space    used 17464K, committed 18560K, reserved 1048576K
}
Event: 14.626 GC heap after
{Heap after GC invocations=47 (full 0):
 garbage-first heap   total 382976K, used 186041K [0x0000000080000000, 0x0000000100000000)
  region size 1024K, 3 young (3072K), 3 survivors (3072K)
 Metaspace       used 123555K, committed 125760K, reserved 1179648K
  class space    used 17464K, committed 18560K, reserved 1048576K
}
Event: 14.859 GC heap before
{Heap before GC invocations=48 (full 0):
 garbage-first heap   total 382976K, used 341689K [0x0000000080000000, 0x0000000100000000)
  region size 1024K, 155 young (158720K), 3 survivors (3072K)
 Metaspace       used 123860K, committed 126080K, reserved 1179648K
  class space    used 17468K, committed 18560K, reserved 1048576K
}
Event: 14.863 GC heap after
{Heap after GC invocations=49 (full 0):
 garbage-first heap   total 382976K, used 185999K [0x0000000080000000, 0x0000000100000000)
  region size 1024K, 3 young (3072K), 3 survivors (3072K)
 Metaspace       used 123860K, committed 126080K, reserved 1179648K
  class space    used 17468K, committed 18560K, reserved 1048576K
}
Event: 15.044 GC heap before
{Heap before GC invocations=49 (full 0):
 garbage-first heap   total 382976K, used 348815K [0x0000000080000000, 0x0000000100000000)
  region size 1024K, 162 young (165888K), 3 survivors (3072K)
 Metaspace       used 124329K, committed 126528K, reserved 1179648K
  class space    used 17510K, committed 18560K, reserved 1048576K
}

