# JRE version: OpenJDK Runtime Environment (21.0.4) (build 21.0.4+-12508038-b607.1)
# Java VM: OpenJDK 64-Bit Server VM (21.0.4+-12508038-b607.1, mixed mode, tiered, compressed oops, compressed class ptrs, g1 gc, windows-amd64)
GC Precious Log:
 CardTable entry size: 512
 Card Set container configuration: InlinePtr #cards 5 size 8 Array Of Cards #cards 12 size 40 Howl #buckets 4 coarsen threshold 1843 Howl Bitmap #cards 512 size 80 coarsen threshold 460 Card regions per heap region 1 cards per card region 2048
 CPUs: 12 total, 12 available
 Memory: 5996M
 Large Page Support: Disabled
 NUMA Support: Disabled
 Compressed Oops: Enabled (32-bit)
 Heap Region Size: 1M
 Heap Min Capacity: 8M
 Heap Initial Capacity: 94M
 Heap Max Capacity: 2G
 Pre-touch: Disabled
 Parallel Workers: 10
 Concurrent Workers: 3
 Concurrent Refinement Workers: 10
 Periodic GC: Disabled
Heap:
 garbage-first heap   total 363520K, used 184319K [0x0000000080000000, 0x0000000100000000)
  region size 1024K, 11 young (11264K), 11 survivors (11264K)
 Metaspace       used 123381K, committed 125632K, reserved 1179648K
  class space    used 17275K, committed 18432K, reserved 1048576K
GC Heap History (20 events):
Event: 16.224 GC heap after
{Heap after GC invocations=37 (full 0):
 garbage-first heap   total 200704K, used 109071K [0x0000000080000000, 0x0000000100000000)
  region size 1024K, 11 young (11264K), 11 survivors (11264K)
 Metaspace       used 105562K, committed 107712K, reserved 1179648K
  class space    used 14459K, committed 15552K, reserved 1048576K
}
Event: 16.623 GC heap before
{Heap before GC invocations=37 (full 0):
 garbage-first heap   total 200704K, used 175631K [0x0000000080000000, 0x0000000100000000)
  region size 1024K, 77 young (78848K), 11 survivors (11264K)
 Metaspace       used 110020K, committed 112128K, reserved 1179648K
  class space    used 15149K, committed 16192K, reserved 1048576K
}
Event: 16.638 GC heap after
{Heap after GC invocations=38 (full 0):
 garbage-first heap   total 200704K, used 119576K [0x0000000080000000, 0x0000000100000000)
  region size 1024K, 10 young (10240K), 10 survivors (10240K)
 Metaspace       used 110020K, committed 112128K, reserved 1179648K
  class space    used 15149K, committed 16192K, reserved 1048576K
}
Event: 16.845 GC heap before
{Heap before GC invocations=39 (full 0):
 garbage-first heap   total 200704K, used 177944K [0x0000000080000000, 0x0000000100000000)
  region size 1024K, 68 young (69632K), 10 survivors (10240K)
 Metaspace       used 111617K, committed 113728K, reserved 1179648K
  class space    used 15449K, committed 16512K, reserved 1048576K
}
Event: 16.861 GC heap after
{Heap after GC invocations=40 (full 0):
 garbage-first heap   total 200704K, used 130991K [0x0000000080000000, 0x0000000100000000)
  region size 1024K, 9 young (9216K), 9 survivors (9216K)
 Metaspace       used 111617K, committed 113728K, reserved 1179648K
  class space    used 15449K, committed 16512K, reserved 1048576K
}
Event: 17.091 GC heap before
{Heap before GC invocations=40 (full 0):
 garbage-first heap   total 200704K, used 178095K [0x0000000080000000, 0x0000000100000000)
  region size 1024K, 56 young (57344K), 9 survivors (9216K)
 Metaspace       used 112974K, committed 115072K, reserved 1179648K
  class space    used 15661K, committed 16704K, reserved 1048576K
}
Event: 17.110 GC heap after
{Heap after GC invocations=41 (full 0):
 garbage-first heap   total 200704K, used 138868K [0x0000000080000000, 0x0000000100000000)
  region size 1024K, 7 young (7168K), 7 survivors (7168K)
 Metaspace       used 112974K, committed 115072K, reserved 1179648K
  class space    used 15661K, committed 16704K, reserved 1048576K
}
Event: 17.174 GC heap before
{Heap before GC invocations=41 (full 0):
 garbage-first heap   total 200704K, used 180852K [0x0000000080000000, 0x0000000100000000)
  region size 1024K, 48 young (49152K), 7 survivors (7168K)
 Metaspace       used 113541K, committed 115648K, reserved 1179648K
  class space    used 15730K, committed 16768K, reserved 1048576K
}
Event: 17.190 GC heap after
{Heap after GC invocations=42 (full 0):
 garbage-first heap   total 363520K, used 147926K [0x0000000080000000, 0x0000000100000000)
  region size 1024K, 6 young (6144K), 6 survivors (6144K)
 Metaspace       used 113541K, committed 115648K, reserved 1179648K
  class space    used 15730K, committed 16768K, reserved 1048576K
}
Event: 17.721 GC heap before
{Heap before GC invocations=43 (full 0):
 garbage-first heap   total 363520K, used 302550K [0x0000000080000000, 0x0000000100000000)
  region size 1024K, 158 young (161792K), 6 survivors (6144K)
 Metaspace       used 117452K, committed 119552K, reserved 1179648K
  class space    used 16435K, committed 17472K, reserved 1048576K
}
Event: 17.775 GC heap after
{Heap after GC invocations=44 (full 0):
 garbage-first heap   total 363520K, used 176898K [0x0000000080000000, 0x0000000100000000)
  region size 1024K, 20 young (20480K), 20 survivors (20480K)
 Metaspace       used 117452K, committed 119552K, reserved 1179648K
  class space    used 16435K, committed 17472K, reserved 1048576K
}
Event: 18.169 GC heap before
{Heap before GC invocations=44 (full 0):
 garbage-first heap   total 363520K, used 297730K [0x0000000080000000, 0x0000000100000000)
  region size 1024K, 138 young (141312K), 20 survivors (20480K)
 Metaspace       used 121471K, committed 123712K, reserved 1179648K
  class space    used 17168K, committed 18304K, reserved 1048576K
}
Event: 18.195 GC heap after
{Heap after GC invocations=45 (full 0):
 garbage-first heap   total 363520K, used 185629K [0x0000000080000000, 0x0000000100000000)
  region size 1024K, 9 young (9216K), 9 survivors (9216K)
 Metaspace       used 121471K, committed 123712K, reserved 1179648K
  class space    used 17168K, committed 18304K, reserved 1048576K
}
Event: 18.500 GC heap before
{Heap before GC invocations=45 (full 0):
 garbage-first heap   total 363520K, used 306461K [0x0000000080000000, 0x0000000100000000)
  region size 1024K, 128 young (131072K), 9 survivors (9216K)
 Metaspace       used 122498K, committed 124736K, reserved 1179648K
  class space    used 17235K, committed 18368K, reserved 1048576K
}
Event: 18.512 GC heap after
{Heap after GC invocations=46 (full 0):
 garbage-first heap   total 363520K, used 186067K [0x0000000080000000, 0x0000000100000000)
  region size 1024K, 9 young (9216K), 9 survivors (9216K)
 Metaspace       used 122498K, committed 124736K, reserved 1179648K
  class space    used 17235K, committed 18368K, reserved 1048576K
}
Event: 19.045 GC heap before
{Heap before GC invocations=47 (full 0):
 garbage-first heap   total 363520K, used 318163K [0x0000000080000000, 0x0000000100000000)
  region size 1024K, 138 young (141312K), 9 survivors (9216K)
 Metaspace       used 122892K, committed 125120K, reserved 1179648K
  class space    used 17263K, committed 18368K, reserved 1048576K
}
Event: 19.055 GC heap after
{Heap after GC invocations=48 (full 0):
 garbage-first heap   total 363520K, used 186645K [0x0000000080000000, 0x0000000100000000)
  region size 1024K, 10 young (10240K), 10 survivors (10240K)
 Metaspace       used 122892K, committed 125120K, reserved 1179648K
  class space    used 17263K, committed 18368K, reserved 1048576K
}
Event: 19.241 GC heap before
{Heap before GC invocations=48 (full 0):
 garbage-first heap   total 363520K, used 326933K [0x0000000080000000, 0x0000000100000000)
  region size 1024K, 147 young (150528K), 10 survivors (10240K)
 Metaspace       used 123208K, committed 125440K, reserved 1179648K
  class space    used 17272K, committed 18432K, reserved 1048576K
}
Event: 19.251 GC heap after
{Heap after GC invocations=49 (full 0):
 garbage-first heap   total 363520K, used 183959K [0x0000000080000000, 0x0000000100000000)
  region size 1024K, 10 young (10240K), 10 survivors (10240K)
 Metaspace       used 123208K, committed 125440K, reserved 1179648K
  class space    used 17272K, committed 18432K, reserved 1048576K
}
Event: 19.407 GC heap before
{Heap before GC invocations=49 (full 0):
 garbage-first heap   total 363520K, used 331415K [0x0000000080000000, 0x0000000100000000)
  region size 1024K, 154 young (157696K), 10 survivors (10240K)
 Metaspace       used 123381K, committed 125632K, reserved 1179648K
  class space    used 17275K, committed 18432K, reserved 1048576K
}

